<?xml version="1.0" encoding="UTF-8"?>
<!-- Generated by org.testng.reporters.JUnitReportReporter -->
<testsuite hostname="LAPTOP-BD4VIBB3" failures="0" tests="1" name="com.edusys.test.NewTest" time="0.004" errors="0" timestamp="2024-03-22T16:37:07 ICT" skipped="0">
  <testcase classname="com.edusys.test.NewTest" name="f" time="0.004"/>
  <system-out/>
</testsuite> <!-- com.edusys.test.NewTest -->
