<?xml version="1.0" encoding="UTF-8"?>
<!-- Generated by org.testng.reporters.JUnitReportReporter -->
<testsuite hostname="LAPTOP-BD4VIBB3" failures="0" tests="1" name="Bai_3.VatCalculatorTest" time="0.008" errors="0" timestamp="2024-03-18T16:39:01 ICT" skipped="0">
  <testcase classname="Bai_3.VatCalculatorTest" name="getVatOnAmountTest" time="0.008"/>
</testsuite> <!-- Bai_3.VatCalculatorTest -->
