<?xml version="1.0" encoding="UTF-8"?>
<!-- Generated by org.testng.reporters.JUnitReportReporter -->
<testsuite hostname="LAPTOP-BD4VIBB3" failures="0" tests="1" name="Bai_2.FirstTestNGFile" time="0.006" errors="0" timestamp="2024-03-18T16:28:34 ICT" skipped="0">
  <testcase classname="Bai_2.FirstTestNGFile" name="f" time="0.006"/>
</testsuite> <!-- Bai_2.FirstTestNGFile -->
