<?xml version="1.0" encoding="UTF-8"?>
<!-- Generated by org.testng.reporters.JUnitReportReporter -->
<testsuite hostname="LAPTOP-BD4VIBB3" failures="0" tests="1" name="Bai_1.Test2" time="5.287" errors="0" timestamp="2024-03-28T00:29:03 ICT" skipped="0">
  <testcase classname="Bai_1.Test2" name="veryfiTitlePage" time="5.287"/>
  <system-out/>
</testsuite> <!-- Bai_1.Test2 -->
