<?xml version="1.0" encoding="UTF-8"?>
<!-- Generated by org.testng.reporters.JUnitReportReporter -->
<testsuite hostname="LAPTOP-BD4VIBB3" failures="0" tests="3" name="Bai_3.Test_1" time="0.007" errors="0" timestamp="2024-03-28T01:14:44 ICT" skipped="0">
  <testcase classname="Bai_3.Test_1" name="testCaseTwo" time="0.001"/>
  <system-out/>
  <testcase classname="Bai_3.Test_1" name="testCaseFour" time="0.001"/>
  <system-out/>
  <testcase classname="Bai_3.Test_1" name="TestCase1" time="0.005"/>
  <system-out/>
</testsuite> <!-- Bai_3.Test_1 -->
